[ 2018-09-21T14:51:03+08:00 ] ::1 /index.php/Home/Index/css/slick.css
ERR: 非法操作:css

[ 2018-09-21T14:51:03+08:00 ] ::1 /index.php/Home/Index/css/style.css
ERR: 非法操作:css

[ 2018-09-21T14:51:03+08:00 ] ::1 /index.php/Home/Index/css/bootstrap.css
ERR: 非法操作:css

[ 2018-09-21T14:51:03+08:00 ] ::1 /index.php/Home/Index/css/jquery.mmenu.all.css
ERR: 非法操作:css

[ 2018-09-21T14:51:03+08:00 ] ::1 /index.php/Home/Index/font-awesome-4.5.0/css/font-awesome.min.css
ERR: 非法操作:font-awesome-4.5.0

[ 2018-09-21T14:51:03+08:00 ] ::1 /index.php/Home/Index/css/animate.css
ERR: 非法操作:css

[ 2018-09-21T14:51:03+08:00 ] ::1 /index.php/Home/Index/__PUBLIC__/js/jquery.min.js
ERR: 非法操作:js

[ 2018-09-21T14:51:03+08:00 ] ::1 /index.php/Home/Index/__PUBLIC__/js/jquery.mmenu.all.min.js
ERR: 非法操作:js

[ 2018-09-21T14:51:03+08:00 ] ::1 /index.php/Home/Index/__PUBLIC__/js/public.js
ERR: 非法操作:js

[ 2018-09-21T14:51:03+08:00 ] ::1 /index.php/Home/Index/__PUBLIC__/js/slick.min.js
ERR: 非法操作:js

[ 2018-09-21T14:51:03+08:00 ] ::1 /index.php/Home/Index/__PUBLIC__/js/wow.js
ERR: 非法操作:js

[ 2018-09-21T14:51:03+08:00 ] ::1 /index.php/Home/Index/__PUBLIC__/js/jquery.placeholder.min.js
ERR: 非法操作:js

[ 2018-09-21T15:07:00+08:00 ] ::1 /index.php/Home/Index/css/style.css
ERR: 非法操作:css

[ 2018-09-21T15:07:00+08:00 ] ::1 /index.php/Home/Index/font-awesome-4.5.0/css/font-awesome.min.css
ERR: 非法操作:font-awesome-4.5.0

[ 2018-09-21T15:07:00+08:00 ] ::1 /index.php/Home/Index/css/animate.css
ERR: 非法操作:css

[ 2018-09-21T15:07:00+08:00 ] ::1 /index.php/Home/Index/__PUBLIC__/js/jquery.min.js
ERR: 非法操作:js

[ 2018-09-21T15:07:00+08:00 ] ::1 /index.php/Home/Index/__PUBLIC__/js/jquery.mmenu.all.min.js
ERR: 非法操作:js

[ 2018-09-21T15:07:00+08:00 ] ::1 /index.php/Home/Index/__PUBLIC__/js/public.js
ERR: 非法操作:js

[ 2018-09-21T15:07:00+08:00 ] ::1 /index.php/Home/Index/__PUBLIC__/js/slick.min.js
ERR: 非法操作:js

[ 2018-09-21T15:07:00+08:00 ] ::1 /index.php/Home/Index/__PUBLIC__/js/wow.js
ERR: 非法操作:js

[ 2018-09-21T15:07:00+08:00 ] ::1 /index.php/Home/Index/__PUBLIC__/js/jquery.placeholder.min.js
ERR: 非法操作:js

[ 2018-09-21T15:07:33+08:00 ] ::1 /index.php/Home/Index/css/style.css
ERR: 非法操作:css

[ 2018-09-21T15:07:33+08:00 ] ::1 /index.php/Home/Index/font-awesome-4.5.0/css/font-awesome.min.css
ERR: 非法操作:font-awesome-4.5.0

[ 2018-09-21T15:07:33+08:00 ] ::1 /index.php/Home/Index/css/animate.css
ERR: 非法操作:css

[ 2018-09-21T15:07:33+08:00 ] ::1 /index.php/Home/Index/__PUBLIC__/js/jquery.min.js
ERR: 非法操作:js

[ 2018-09-21T15:07:33+08:00 ] ::1 /index.php/Home/Index/__PUBLIC__/js/jquery.mmenu.all.min.js
ERR: 非法操作:js

[ 2018-09-21T15:07:33+08:00 ] ::1 /index.php/Home/Index/__PUBLIC__/js/public.js
ERR: 非法操作:js

[ 2018-09-21T15:07:33+08:00 ] ::1 /index.php/Home/Index/__PUBLIC__/js/slick.min.js
ERR: 非法操作:js

[ 2018-09-21T15:07:33+08:00 ] ::1 /index.php/Home/Index/__PUBLIC__/js/wow.js
ERR: 非法操作:js

[ 2018-09-21T15:07:33+08:00 ] ::1 /index.php/Home/Index/__PUBLIC__/js/jquery.placeholder.min.js
ERR: 非法操作:js

[ 2018-09-21T15:08:03+08:00 ] ::1 /index.php/Home/Index/__PUBLIC__/js/jquery.min.js
ERR: 非法操作:js

[ 2018-09-21T15:08:03+08:00 ] ::1 /index.php/Home/Index/__PUBLIC__/js/jquery.mmenu.all.min.js
ERR: 非法操作:js

[ 2018-09-21T15:08:03+08:00 ] ::1 /index.php/Home/Index/__PUBLIC__/js/public.js
ERR: 非法操作:js

[ 2018-09-21T15:08:03+08:00 ] ::1 /index.php/Home/Index/__PUBLIC__/js/slick.min.js
ERR: 非法操作:js

[ 2018-09-21T15:08:03+08:00 ] ::1 /index.php/Home/Index/__PUBLIC__/js/wow.js
ERR: 非法操作:js

[ 2018-09-21T15:08:03+08:00 ] ::1 /index.php/Home/Index/__PUBLIC__/js/jquery.placeholder.min.js
ERR: 非法操作:js

[ 2018-09-21T15:08:03+08:00 ] ::1 /index.php/Home/Index/__PUBLIC__/js/jquery.mmenu.all.min.js
ERR: 非法操作:js

[ 2018-09-21T15:08:03+08:00 ] ::1 /index.php/Home/Index/__PUBLIC__/js/public.js
ERR: 非法操作:js

[ 2018-09-21T15:08:03+08:00 ] ::1 /index.php/Home/Index/__PUBLIC__/js/slick.min.js
ERR: 非法操作:js

[ 2018-09-21T15:08:03+08:00 ] ::1 /index.php/Home/Index/__PUBLIC__/js/wow.js
ERR: 非法操作:js

[ 2018-09-21T15:08:03+08:00 ] ::1 /index.php/Home/Index/__PUBLIC__/js/jquery.placeholder.min.js
ERR: 非法操作:js

[ 2018-09-21T15:08:39+08:00 ] ::1 /index.php/Home/Index/__PUBLIC__/js/jquery.min.js
ERR: 非法操作:js

[ 2018-09-21T15:08:39+08:00 ] ::1 /index.php/Home/Index/__PUBLIC__/js/jquery.mmenu.all.min.js
ERR: 非法操作:js

[ 2018-09-21T15:08:39+08:00 ] ::1 /index.php/Home/Index/__PUBLIC__/js/public.js
ERR: 非法操作:js

[ 2018-09-21T15:08:39+08:00 ] ::1 /index.php/Home/Index/__PUBLIC__/js/slick.min.js
ERR: 非法操作:js

[ 2018-09-21T15:08:39+08:00 ] ::1 /index.php/Home/Index/__PUBLIC__/js/wow.js
ERR: 非法操作:js

[ 2018-09-21T15:08:39+08:00 ] ::1 /index.php/Home/Index/__PUBLIC__/js/jquery.placeholder.min.js
ERR: 非法操作:js

[ 2018-09-21T15:08:39+08:00 ] ::1 /index.php/Home/Index/__PUBLIC__/js/jquery.mmenu.all.min.js
ERR: 非法操作:js

[ 2018-09-21T15:08:39+08:00 ] ::1 /index.php/Home/Index/__PUBLIC__/js/public.js
ERR: 非法操作:js

[ 2018-09-21T15:08:39+08:00 ] ::1 /index.php/Home/Index/__PUBLIC__/js/slick.min.js
ERR: 非法操作:js

[ 2018-09-21T15:08:39+08:00 ] ::1 /index.php/Home/Index/__PUBLIC__/js/wow.js
ERR: 非法操作:js

[ 2018-09-21T15:08:39+08:00 ] ::1 /index.php/Home/Index/__PUBLIC__/js/jquery.placeholder.min.js
ERR: 非法操作:js

[ 2018-09-21T15:12:08+08:00 ] ::1 /index.php/Home/Index/__PUBLIC__/js/jquery.placeholder.min.js
ERR: 非法操作:js

[ 2018-09-21T15:28:09+08:00 ] ::1 /index.php/Home/Index/__PUBLIC_/js/slick.min.js
ERR: 非法操作:__PUBLIC_

[ 2018-09-21T15:28:09+08:00 ] ::1 /index.php/Home/Index/__PUBLIC_/js/slick.min.js
ERR: 非法操作:__PUBLIC_

[ 2018-09-21T15:30:40+08:00 ] ::1 /index.php/Home/Index/__PUBLIC_/js/slick.min.js
ERR: 非法操作:__PUBLIC_

[ 2018-09-21T15:30:40+08:00 ] ::1 /index.php/Home/Index/__PUBLIC_/js/slick.min.js
ERR: 非法操作:__PUBLIC_

[ 2018-09-21T15:32:27+08:00 ] ::1 /index.php/Home/Index/__PUBLIC_/js/slick.min.js
ERR: 非法操作:__PUBLIC_

[ 2018-09-21T15:32:27+08:00 ] ::1 /index.php/Home/Index/__PUBLIC_/js/slick.min.js
ERR: 非法操作:__PUBLIC_

[ 2018-09-21T15:32:42+08:00 ] ::1 /index.php/Home/Index/css/style.css
ERR: 非法操作:css

[ 2018-09-21T15:32:42+08:00 ] ::1 /index.php/Home/Index/font-awesome-4.5.0/css/font-awesome.min.css
ERR: 非法操作:font-awesome-4.5.0

[ 2018-09-21T15:32:42+08:00 ] ::1 /index.php/Home/Index/css/animate.css
ERR: 非法操作:css

[ 2018-09-21T15:32:44+08:00 ] ::1 /index.php/Home/Index/css/style.css
ERR: 非法操作:css

[ 2018-09-21T15:32:44+08:00 ] ::1 /index.php/Home/Index/font-awesome-4.5.0/css/font-awesome.min.css
ERR: 非法操作:font-awesome-4.5.0

[ 2018-09-21T15:32:44+08:00 ] ::1 /index.php/Home/Index/css/animate.css
ERR: 非法操作:css

[ 2018-09-21T15:34:11+08:00 ] ::1 /index.php/Home/Index/__PUBLIC_/js/slick.min.js
ERR: 非法操作:__PUBLIC_

[ 2018-09-21T15:34:11+08:00 ] ::1 /index.php/Home/Index/__PUBLIC_/js/slick.min.js
ERR: 非法操作:__PUBLIC_

[ 2018-09-21T15:34:16+08:00 ] ::1 /index.php/Home/Index/__PUBLIC_/js/slick.min.js
ERR: 非法操作:__PUBLIC_

[ 2018-09-21T15:34:16+08:00 ] ::1 /index.php/Home/Index/__PUBLIC_/js/slick.min.js
ERR: 非法操作:__PUBLIC_

[ 2018-09-21T15:34:18+08:00 ] ::1 /index.php/Home/Index/__PUBLIC_/js/slick.min.js
ERR: 非法操作:__PUBLIC_

[ 2018-09-21T15:34:18+08:00 ] ::1 /index.php/Home/Index/__PUBLIC_/js/slick.min.js
ERR: 非法操作:__PUBLIC_

[ 2018-09-21T15:34:20+08:00 ] ::1 /index.php/Home/Index/css/style.css
ERR: 非法操作:css

[ 2018-09-21T15:34:20+08:00 ] ::1 /index.php/Home/Index/font-awesome-4.5.0/css/font-awesome.min.css
ERR: 非法操作:font-awesome-4.5.0

[ 2018-09-21T15:34:20+08:00 ] ::1 /index.php/Home/Index/css/animate.css
ERR: 非法操作:css

[ 2018-09-21T15:34:22+08:00 ] ::1 /index.php/Home/Index/__PUBLIC_/js/slick.min.js
ERR: 非法操作:__PUBLIC_

[ 2018-09-21T15:34:22+08:00 ] ::1 /index.php/Home/Index/__PUBLIC_/js/slick.min.js
ERR: 非法操作:__PUBLIC_

[ 2018-09-21T15:35:13+08:00 ] ::1 /index.php/Home/Index/__PUBLIC_/js/slick.min.js
ERR: 非法操作:__PUBLIC_

[ 2018-09-21T15:35:13+08:00 ] ::1 /index.php/Home/Index/__PUBLIC_/js/slick.min.js
ERR: 非法操作:__PUBLIC_

[ 2018-09-21T15:35:27+08:00 ] ::1 /index.php/Home/Index/__PUBLIC_/js/slick.min.js
ERR: 非法操作:__PUBLIC_

[ 2018-09-21T15:35:27+08:00 ] ::1 /index.php/Home/Index/__PUBLIC_/js/slick.min.js
ERR: 非法操作:__PUBLIC_

[ 2018-09-21T15:37:14+08:00 ] ::1 /index.php/Home/Index/__PUBLIC_/js/slick.min.js
ERR: 非法操作:__PUBLIC_

[ 2018-09-21T15:37:14+08:00 ] ::1 /index.php/Home/Index/__PUBLIC_/js/slick.min.js
ERR: 非法操作:__PUBLIC_

[ 2018-09-21T15:38:37+08:00 ] ::1 /index.php/Home/Index/css/style.css
ERR: 非法操作:css

[ 2018-09-21T15:38:37+08:00 ] ::1 /index.php/Home/Index/font-awesome-4.5.0/css/font-awesome.min.css
ERR: 非法操作:font-awesome-4.5.0

[ 2018-09-21T15:38:37+08:00 ] ::1 /index.php/Home/Index/css/animate.css
ERR: 非法操作:css

[ 2018-09-21T15:40:01+08:00 ] ::1 /index.php/Home/Index/css/style.css
ERR: 非法操作:css

[ 2018-09-21T15:40:01+08:00 ] ::1 /index.php/Home/Index/font-awesome-4.5.0/css/font-awesome.min.css
ERR: 非法操作:font-awesome-4.5.0

[ 2018-09-21T15:40:01+08:00 ] ::1 /index.php/Home/Index/css/animate.css
ERR: 非法操作:css

[ 2018-09-21T15:40:19+08:00 ] ::1 /index.php/Home/Index/font-awesome-4.5.0/css/font-awesome.min.css
ERR: 非法操作:font-awesome-4.5.0

[ 2018-09-21T15:40:19+08:00 ] ::1 /index.php/Home/Index/css/animate.css
ERR: 非法操作:css

[ 2018-09-21T16:00:22+08:00 ] ::1 /index.php/Home/Index/css/style.css
ERR: 非法操作:css

[ 2018-09-21T16:00:22+08:00 ] ::1 /index.php/Home/Index/font-awesome-4.5.0/css/font-awesome.min.css
ERR: 非法操作:font-awesome-4.5.0

[ 2018-09-21T16:00:22+08:00 ] ::1 /index.php/Home/Index/css/animate.css
ERR: 非法操作:css

[ 2018-09-21T16:00:55+08:00 ] ::1 /index.php/Home/Index/css/style.css
ERR: 非法操作:css

[ 2018-09-21T16:00:55+08:00 ] ::1 /index.php/Home/Index/font-awesome-4.5.0/css/font-awesome.min.css
ERR: 非法操作:font-awesome-4.5.0

[ 2018-09-21T16:00:55+08:00 ] ::1 /index.php/Home/Index/css/animate.css
ERR: 非法操作:css

[ 2018-09-21T16:00:58+08:00 ] ::1 /index.php/Home/Index/css/style.css
ERR: 非法操作:css

[ 2018-09-21T16:00:58+08:00 ] ::1 /index.php/Home/Index/font-awesome-4.5.0/css/font-awesome.min.css
ERR: 非法操作:font-awesome-4.5.0

[ 2018-09-21T16:00:58+08:00 ] ::1 /index.php/Home/Index/css/animate.css
ERR: 非法操作:css

[ 2018-09-21T16:01:00+08:00 ] ::1 /index.php/Home/Index/css/style.css
ERR: 非法操作:css

[ 2018-09-21T16:01:00+08:00 ] ::1 /index.php/Home/Index/font-awesome-4.5.0/css/font-awesome.min.css
ERR: 非法操作:font-awesome-4.5.0

[ 2018-09-21T16:01:00+08:00 ] ::1 /index.php/Home/Index/css/animate.css
ERR: 非法操作:css

[ 2018-09-21T16:02:46+08:00 ] ::1 /index.php/Home/Index/css/style.css
ERR: 非法操作:css

[ 2018-09-21T16:02:46+08:00 ] ::1 /index.php/Home/Index/font-awesome-4.5.0/css/font-awesome.min.css
ERR: 非法操作:font-awesome-4.5.0

[ 2018-09-21T16:02:46+08:00 ] ::1 /index.php/Home/Index/css/animate.css
ERR: 非法操作:css

[ 2018-09-21T16:05:29+08:00 ] ::1 /index.php/Home/Index/css/style.css
ERR: 非法操作:css

[ 2018-09-21T16:05:29+08:00 ] ::1 /index.php/Home/Index/font-awesome-4.5.0/css/font-awesome.min.css
ERR: 非法操作:font-awesome-4.5.0

[ 2018-09-21T16:05:29+08:00 ] ::1 /index.php/Home/Index/css/animate.css
ERR: 非法操作:css

[ 2018-09-21T16:06:58+08:00 ] ::1 /index.php/Home/Index/css/style.css
ERR: 非法操作:css

[ 2018-09-21T16:06:58+08:00 ] ::1 /index.php/Home/Index/font-awesome-4.5.0/css/font-awesome.min.css
ERR: 非法操作:font-awesome-4.5.0

[ 2018-09-21T16:06:58+08:00 ] ::1 /index.php/Home/Index/css/animate.css
ERR: 非法操作:css

[ 2018-09-21T16:07:56+08:00 ] ::1 /index.php/Home/Index/css/style.css
ERR: 非法操作:css

[ 2018-09-21T16:07:56+08:00 ] ::1 /index.php/Home/Index/font-awesome-4.5.0/css/font-awesome.min.css
ERR: 非法操作:font-awesome-4.5.0

[ 2018-09-21T16:07:56+08:00 ] ::1 /index.php/Home/Index/css/animate.css
ERR: 非法操作:css

[ 2018-09-21T16:08:12+08:00 ] ::1 /index.php/Home/Index/css/style.css
ERR: 非法操作:css

[ 2018-09-21T16:08:12+08:00 ] ::1 /index.php/Home/Index/font-awesome-4.5.0/css/font-awesome.min.css
ERR: 非法操作:font-awesome-4.5.0

[ 2018-09-21T16:08:12+08:00 ] ::1 /index.php/Home/Index/css/animate.css
ERR: 非法操作:css

[ 2018-09-21T16:08:26+08:00 ] ::1 /index.php/Home/Index/css/style.css
ERR: 非法操作:css

[ 2018-09-21T16:08:26+08:00 ] ::1 /index.php/Home/Index/font-awesome-4.5.0/css/font-awesome.min.css
ERR: 非法操作:font-awesome-4.5.0

[ 2018-09-21T16:08:26+08:00 ] ::1 /index.php/Home/Index/css/animate.css
ERR: 非法操作:css

[ 2018-09-21T16:09:23+08:00 ] ::1 /index.php/Home/Index/css/style.css
ERR: 非法操作:css

[ 2018-09-21T16:09:23+08:00 ] ::1 /index.php/Home/Index/font-awesome-4.5.0/css/font-awesome.min.css
ERR: 非法操作:font-awesome-4.5.0

[ 2018-09-21T16:09:23+08:00 ] ::1 /index.php/Home/Index/css/animate.css
ERR: 非法操作:css

[ 2018-09-21T16:09:30+08:00 ] ::1 /index.php/Home/Index/css/style.css
ERR: 非法操作:css

[ 2018-09-21T16:09:30+08:00 ] ::1 /index.php/Home/Index/font-awesome-4.5.0/css/font-awesome.min.css
ERR: 非法操作:font-awesome-4.5.0

[ 2018-09-21T16:09:30+08:00 ] ::1 /index.php/Home/Index/css/animate.css
ERR: 非法操作:css

[ 2018-09-21T16:11:28+08:00 ] ::1 /index.php/Home/Index/css/style.css
ERR: 非法操作:css

[ 2018-09-21T16:11:28+08:00 ] ::1 /index.php/Home/Index/font-awesome-4.5.0/css/font-awesome.min.css
ERR: 非法操作:font-awesome-4.5.0

[ 2018-09-21T16:11:28+08:00 ] ::1 /index.php/Home/Index/css/animate.css
ERR: 非法操作:css

[ 2018-09-21T16:12:21+08:00 ] ::1 /index.php/Home/Index/css/style.css
ERR: 非法操作:css

[ 2018-09-21T16:12:21+08:00 ] ::1 /index.php/Home/Index/font-awesome-4.5.0/css/font-awesome.min.css
ERR: 非法操作:font-awesome-4.5.0

[ 2018-09-21T16:12:21+08:00 ] ::1 /index.php/Home/Index/css/animate.css
ERR: 非法操作:css

[ 2018-09-21T16:32:10+08:00 ] ::1 /index.php/Home/Index/css/style.css
ERR: 非法操作:css

[ 2018-09-21T16:32:10+08:00 ] ::1 /index.php/Home/Index/font-awesome-4.5.0/css/font-awesome.min.css
ERR: 非法操作:font-awesome-4.5.0

[ 2018-09-21T16:32:10+08:00 ] ::1 /index.php/Home/Index/css/animate.css
ERR: 非法操作:css

[ 2018-09-21T17:43:15+08:00 ] ::1 /index.php/Home/Index/font-awesome-4.5.0/css/font-awesome.min.css
ERR: 非法操作:font-awesome-4.5.0

[ 2018-09-21T17:43:15+08:00 ] ::1 /index.php/Home/Index/css/style.css
ERR: 非法操作:css

[ 2018-09-21T17:43:15+08:00 ] ::1 /index.php/Home/Index/css/animate.css
ERR: 非法操作:css

